sdk/build/intermediates/manifest_merge_blame_file/release/manifest-merger-blame-release-report.txt
1<?xml version="1.0" encoding="utf-8"?>
2<manifest xmlns:android="http://schemas.android.com/apk/res/android"
3    package="com.goodoo.pay.sdk" >
4
5    <uses-sdk android:minSdkVersion="21" />
6
7    <application>
7-->src/main/AndroidManifest.xml:3:5-8:19
8        <activity
8-->src/main/AndroidManifest.xml:4:9-7:79
9            android:name="com.goodoo.pay.sdk.GoodooPayActivity"
9-->src/main/AndroidManifest.xml:5:13-46
10            android:exported="false"
10-->src/main/AndroidManifest.xml:6:13-37
11            android:theme="@android:style/Theme.Material.Light.NoActionBar" />
11-->src/main/AndroidManifest.xml:7:13-76
12    </application>
13
14</manifest>